<?xml version="1.0" encoding="utf-8"?><testsuites name="pytest tests"><testsuite name="pytest" errors="0" failures="0" skipped="0" tests="4" time="0.386" timestamp="2026-06-21T12:01:15.811491+00:00" hostname="agent-env-9584c490-5dfb-4175-bffd-1c40b8f0b855"><testcase classname="backend.tests.backend_test.TestHealth" name="test_health_ok" time="0.149" /><testcase classname="backend.tests.backend_test.TestContact" name="test_create_contact_persists_and_appears_in_list" time="0.094" /><testcase classname="backend.tests.backend_test.TestContact" name="test_create_contact_minimal_defaults" time="0.043" /><testcase classname="backend.tests.backend_test.TestContact" name="test_create_contact_invalid_missing_fields" time="0.042" /></testsuite></testsuites>